[debug] [2024-04-13T08:36:24.717Z] ----------------------------------------------------------------------
[debug] [2024-04-13T08:36:24.724Z] Command:       C:\Program Files\nodejs\node.exe C:\Users\ADMIN\AppData\Roaming\npm\node_modules\firebase-tools\lib\bin\firebase.js deploy
[debug] [2024-04-13T08:36:24.725Z] CLI Version:   13.4.1
[debug] [2024-04-13T08:36:24.726Z] Platform:      win32
[debug] [2024-04-13T08:36:24.726Z] Node Version:  v20.11.0
[debug] [2024-04-13T08:36:24.726Z] Time:          Sat Apr 13 2024 01:36:24 GMT-0700 (Pacific Daylight Time)
[debug] [2024-04-13T08:36:24.727Z] ----------------------------------------------------------------------
[debug] 
[debug] [2024-04-13T08:36:24.755Z] >>> [apiv2][query] GET https://firebase-public.firebaseio.com/cli.json [none]
[debug] [2024-04-13T08:36:25.036Z] > command requires scopes: ["email","openid","https://www.googleapis.com/auth/cloudplatformprojects.readonly","https://www.googleapis.com/auth/firebase","https://www.googleapis.com/auth/cloud-platform"]
[debug] [2024-04-13T08:36:25.036Z] > authorizing via signed-in user (sarannithisshhack@gmail.com)
[debug] [2024-04-13T08:36:25.037Z] [iam] checking project portfoilo-94c3f for permissions ["firebase.projects.get","firebasehosting.sites.update"]
[debug] [2024-04-13T08:36:25.039Z] > refreshing access token with scopes: []
[debug] [2024-04-13T08:36:25.042Z] >>> [apiv2][query] POST https://www.googleapis.com/oauth2/v3/token [none]
[debug] [2024-04-13T08:36:25.042Z] >>> [apiv2][body] POST https://www.googleapis.com/oauth2/v3/token [omitted]
[debug] [2024-04-13T08:36:25.271Z] <<< [apiv2][status] POST https://www.googleapis.com/oauth2/v3/token 200
[debug] [2024-04-13T08:36:25.272Z] <<< [apiv2][body] POST https://www.googleapis.com/oauth2/v3/token [omitted]
[debug] [2024-04-13T08:36:25.288Z] >>> [apiv2][query] POST https://cloudresourcemanager.googleapis.com/v1/projects/portfoilo-94c3f:testIamPermissions [none]
[debug] [2024-04-13T08:36:25.289Z] >>> [apiv2][(partial)header] POST https://cloudresourcemanager.googleapis.com/v1/projects/portfoilo-94c3f:testIamPermissions x-goog-quota-user=projects/portfoilo-94c3f
[debug] [2024-04-13T08:36:25.290Z] >>> [apiv2][body] POST https://cloudresourcemanager.googleapis.com/v1/projects/portfoilo-94c3f:testIamPermissions {"permissions":["firebase.projects.get","firebasehosting.sites.update"]}
[debug] [2024-04-13T08:36:25.564Z] <<< [apiv2][status] GET https://firebase-public.firebaseio.com/cli.json 200
[debug] [2024-04-13T08:36:25.564Z] <<< [apiv2][body] GET https://firebase-public.firebaseio.com/cli.json {"cloudBuildErrorAfter":1594252800000,"cloudBuildWarnAfter":1590019200000,"defaultNode10After":1594252800000,"minVersion":"3.0.5","node8DeploysDisabledAfter":1613390400000,"node8RuntimeDisabledAfter":1615809600000,"node8WarnAfter":1600128000000}
[debug] [2024-04-13T08:36:26.653Z] <<< [apiv2][status] POST https://cloudresourcemanager.googleapis.com/v1/projects/portfoilo-94c3f:testIamPermissions 200
[debug] [2024-04-13T08:36:26.653Z] <<< [apiv2][body] POST https://cloudresourcemanager.googleapis.com/v1/projects/portfoilo-94c3f:testIamPermissions {"permissions":["firebase.projects.get","firebasehosting.sites.update"]}
[debug] [2024-04-13T08:36:26.655Z] >>> [apiv2][query] GET https://firebase.googleapis.com/v1beta1/projects/portfoilo-94c3f [none]
[debug] [2024-04-13T08:36:27.400Z] <<< [apiv2][status] GET https://firebase.googleapis.com/v1beta1/projects/portfoilo-94c3f 200
[debug] [2024-04-13T08:36:27.400Z] <<< [apiv2][body] GET https://firebase.googleapis.com/v1beta1/projects/portfoilo-94c3f {"projectId":"portfoilo-94c3f","projectNumber":"1013159237483","displayName":"portfoilo","name":"projects/portfoilo-94c3f","resources":{"hostingSite":"portfoilo-94c3f"},"state":"ACTIVE","etag":"1_c24419ba-be0f-4d40-9583-519976d30827"}
[info] 
   Thank you for trying our early preview of Next.js support on Firebase Hosting.
   During the preview, support is best-effort and breaking changes can be expected. Proceed with caution.
   The integration is known to work with Next.js version 12 - 14.0. You may encounter errors.

   Documentation: https://firebase.google.com/docs/hosting/frameworks/nextjs
   File a bug: https://github.com/firebase/firebase-tools/issues/new?template=bug_report.md
   Submit a feature request: https://github.com/firebase/firebase-tools/issues/new?template=feature_request.md

   We'd love to learn from you. Express your interest in helping us shape the future of Firebase Hosting: https://goo.gle/41enW5X

[debug] [2024-04-13T08:37:06.463Z] >>> [apiv2][query] GET https://firebasehosting.googleapis.com/v1beta1/projects/portfoilo-94c3f/sites/portfoilo-94c3f [none]
[debug] [2024-04-13T08:37:07.438Z] <<< [apiv2][status] GET https://firebasehosting.googleapis.com/v1beta1/projects/portfoilo-94c3f/sites/portfoilo-94c3f 200
[debug] [2024-04-13T08:37:07.438Z] <<< [apiv2][body] GET https://firebasehosting.googleapis.com/v1beta1/projects/portfoilo-94c3f/sites/portfoilo-94c3f {"name":"projects/portfoilo-94c3f/sites/portfoilo-94c3f","defaultUrl":"https://portfoilo-94c3f.web.app","type":"DEFAULT_SITE"}
[info]    ▲ Next.js 14.1.3

[info] 

[info]    Creating an optimized production build ...

[info]  ✓ Compiled successfully

[info]    Linting and checking validity of types ...

[info] 
Failed to compile.

[info] 
./app/component/About.tsx
142:9  Warning: Image elements must have an alt prop, either with meaningful text, or an empty string for decorative images.  jsx-a11y/alt-text

./app/page.tsx
16:33  Error: React Hook "useState" is called in function "index" that is neither a React function component nor a custom React Hook function. React component names must start with an uppercase letter. React Hook names must start with the word "use".  react-hooks/rules-of-hooks
18:3  Error: React Hook "useEffect" is called in function "index" that is neither a React function component nor a custom React Hook function. React component names must start with an uppercase letter. React Hook names must start with the word "use".  react-hooks/rules-of-hooks

info  - Need to disable some ESLint rules? Learn more here: https://nextjs.org/docs/basic-features/eslint#disabling-rules

[debug] [2024-04-13T08:38:42.907Z] Error: ENOENT: no such file or directory, open 'C:\Users\ADMIN\Desktop\portfolio\.next\export-marker.json'
[error] 
[error] Error: An unexpected error has occurred.
[debug] [2024-04-13T09:11:11.824Z] ----------------------------------------------------------------------
[debug] [2024-04-13T09:11:11.830Z] Command:       C:\Program Files\nodejs\node.exe C:\Users\ADMIN\AppData\Roaming\npm\node_modules\firebase-tools\lib\bin\firebase.js deploy
[debug] [2024-04-13T09:11:11.831Z] CLI Version:   13.4.1
[debug] [2024-04-13T09:11:11.832Z] Platform:      win32
[debug] [2024-04-13T09:11:11.832Z] Node Version:  v20.11.0
[debug] [2024-04-13T09:11:11.833Z] Time:          Sat Apr 13 2024 02:11:11 GMT-0700 (Pacific Daylight Time)
[debug] [2024-04-13T09:11:11.833Z] ----------------------------------------------------------------------
[debug] 
[debug] [2024-04-13T09:11:12.040Z] > command requires scopes: ["email","openid","https://www.googleapis.com/auth/cloudplatformprojects.readonly","https://www.googleapis.com/auth/firebase","https://www.googleapis.com/auth/cloud-platform"]
[debug] [2024-04-13T09:11:12.041Z] > authorizing via signed-in user (sarannithisshhack@gmail.com)
[debug] [2024-04-13T09:11:12.041Z] [iam] checking project portfoilo-94c3f for permissions ["firebase.projects.get","firebasehosting.sites.update"]
[debug] [2024-04-13T09:11:12.056Z] >>> [apiv2][query] POST https://cloudresourcemanager.googleapis.com/v1/projects/portfoilo-94c3f:testIamPermissions [none]
[debug] [2024-04-13T09:11:12.057Z] >>> [apiv2][(partial)header] POST https://cloudresourcemanager.googleapis.com/v1/projects/portfoilo-94c3f:testIamPermissions x-goog-quota-user=projects/portfoilo-94c3f
[debug] [2024-04-13T09:11:12.058Z] >>> [apiv2][body] POST https://cloudresourcemanager.googleapis.com/v1/projects/portfoilo-94c3f:testIamPermissions {"permissions":["firebase.projects.get","firebasehosting.sites.update"]}
[debug] [2024-04-13T09:11:13.683Z] <<< [apiv2][status] POST https://cloudresourcemanager.googleapis.com/v1/projects/portfoilo-94c3f:testIamPermissions 200
[debug] [2024-04-13T09:11:13.683Z] <<< [apiv2][body] POST https://cloudresourcemanager.googleapis.com/v1/projects/portfoilo-94c3f:testIamPermissions {"permissions":["firebase.projects.get","firebasehosting.sites.update"]}
[debug] [2024-04-13T09:11:13.685Z] >>> [apiv2][query] GET https://firebase.googleapis.com/v1beta1/projects/portfoilo-94c3f [none]
[debug] [2024-04-13T09:11:14.269Z] <<< [apiv2][status] GET https://firebase.googleapis.com/v1beta1/projects/portfoilo-94c3f 200
[debug] [2024-04-13T09:11:14.269Z] <<< [apiv2][body] GET https://firebase.googleapis.com/v1beta1/projects/portfoilo-94c3f {"projectId":"portfoilo-94c3f","projectNumber":"1013159237483","displayName":"portfoilo","name":"projects/portfoilo-94c3f","resources":{"hostingSite":"portfoilo-94c3f"},"state":"ACTIVE","etag":"1_c24419ba-be0f-4d40-9583-519976d30827"}
[info] 
   Thank you for trying our early preview of Next.js support on Firebase Hosting.
   During the preview, support is best-effort and breaking changes can be expected. Proceed with caution.
   The integration is known to work with Next.js version 12 - 14.0. You may encounter errors.

   Documentation: https://firebase.google.com/docs/hosting/frameworks/nextjs
   File a bug: https://github.com/firebase/firebase-tools/issues/new?template=bug_report.md
   Submit a feature request: https://github.com/firebase/firebase-tools/issues/new?template=feature_request.md

   We'd love to learn from you. Express your interest in helping us shape the future of Firebase Hosting: https://goo.gle/41enW5X

[debug] [2024-04-13T09:11:49.286Z] >>> [apiv2][query] GET https://firebasehosting.googleapis.com/v1beta1/projects/portfoilo-94c3f/sites/portfoilo-94c3f [none]
[debug] [2024-04-13T09:11:50.326Z] <<< [apiv2][status] GET https://firebasehosting.googleapis.com/v1beta1/projects/portfoilo-94c3f/sites/portfoilo-94c3f 200
[debug] [2024-04-13T09:11:50.327Z] <<< [apiv2][body] GET https://firebasehosting.googleapis.com/v1beta1/projects/portfoilo-94c3f/sites/portfoilo-94c3f {"name":"projects/portfoilo-94c3f/sites/portfoilo-94c3f","defaultUrl":"https://portfoilo-94c3f.web.app","type":"DEFAULT_SITE"}
[info]    ▲ Next.js 14.1.3

[info] 

[info]    Creating an optimized production build ...

[info]  ✓ Compiled successfully

[info]    Linting and checking validity of types ...

[info] Failed to compile.


[info] ./app/component/MenuOverlay.tsx:4:24
Type error: Binding element 'links' implicitly has an 'any' type.

  2 | import NavLink from "./NavLink";
  3 |
> 4 | const MenuOverlay = ({ links , setNavbarOpen }) => {
    |                        ^
  5 |
  6 |
  7 |  

[debug] [2024-04-13T09:12:31.604Z] Error: ENOENT: no such file or directory, open 'C:\Users\ADMIN\Desktop\portfolio\.next\export-marker.json'
[error] 
[error] Error: An unexpected error has occurred.
[debug] [2024-04-13T09:27:24.637Z] ----------------------------------------------------------------------
[debug] [2024-04-13T09:27:24.646Z] Command:       C:\Program Files\nodejs\node.exe C:\Users\ADMIN\AppData\Roaming\npm\node_modules\firebase-tools\lib\bin\firebase.js deploy
[debug] [2024-04-13T09:27:24.647Z] CLI Version:   13.4.1
[debug] [2024-04-13T09:27:24.648Z] Platform:      win32
[debug] [2024-04-13T09:27:24.648Z] Node Version:  v20.11.0
[debug] [2024-04-13T09:27:24.648Z] Time:          Sat Apr 13 2024 02:27:24 GMT-0700 (Pacific Daylight Time)
[debug] [2024-04-13T09:27:24.649Z] ----------------------------------------------------------------------
[debug] 
[debug] [2024-04-13T09:27:24.860Z] > command requires scopes: ["email","openid","https://www.googleapis.com/auth/cloudplatformprojects.readonly","https://www.googleapis.com/auth/firebase","https://www.googleapis.com/auth/cloud-platform"]
[debug] [2024-04-13T09:27:24.861Z] > authorizing via signed-in user (sarannithisshhack@gmail.com)
[debug] [2024-04-13T09:27:24.861Z] [iam] checking project portfoilo-94c3f for permissions ["firebase.projects.get","firebasehosting.sites.update"]
[debug] [2024-04-13T09:27:24.864Z] > refreshing access token with scopes: []
[debug] [2024-04-13T09:27:24.871Z] >>> [apiv2][query] POST https://www.googleapis.com/oauth2/v3/token [none]
[debug] [2024-04-13T09:27:24.872Z] >>> [apiv2][body] POST https://www.googleapis.com/oauth2/v3/token [omitted]
[debug] [2024-04-13T09:27:25.298Z] <<< [apiv2][status] POST https://www.googleapis.com/oauth2/v3/token 200
[debug] [2024-04-13T09:27:25.299Z] <<< [apiv2][body] POST https://www.googleapis.com/oauth2/v3/token [omitted]
[debug] [2024-04-13T09:27:25.313Z] >>> [apiv2][query] POST https://cloudresourcemanager.googleapis.com/v1/projects/portfoilo-94c3f:testIamPermissions [none]
[debug] [2024-04-13T09:27:25.313Z] >>> [apiv2][(partial)header] POST https://cloudresourcemanager.googleapis.com/v1/projects/portfoilo-94c3f:testIamPermissions x-goog-quota-user=projects/portfoilo-94c3f
[debug] [2024-04-13T09:27:25.313Z] >>> [apiv2][body] POST https://cloudresourcemanager.googleapis.com/v1/projects/portfoilo-94c3f:testIamPermissions {"permissions":["firebase.projects.get","firebasehosting.sites.update"]}
[debug] [2024-04-13T09:27:26.673Z] <<< [apiv2][status] POST https://cloudresourcemanager.googleapis.com/v1/projects/portfoilo-94c3f:testIamPermissions 200
[debug] [2024-04-13T09:27:26.673Z] <<< [apiv2][body] POST https://cloudresourcemanager.googleapis.com/v1/projects/portfoilo-94c3f:testIamPermissions {"permissions":["firebase.projects.get","firebasehosting.sites.update"]}
[debug] [2024-04-13T09:27:26.676Z] >>> [apiv2][query] GET https://firebase.googleapis.com/v1beta1/projects/portfoilo-94c3f [none]
[debug] [2024-04-13T09:27:27.228Z] <<< [apiv2][status] GET https://firebase.googleapis.com/v1beta1/projects/portfoilo-94c3f 200
[debug] [2024-04-13T09:27:27.228Z] <<< [apiv2][body] GET https://firebase.googleapis.com/v1beta1/projects/portfoilo-94c3f {"projectId":"portfoilo-94c3f","projectNumber":"1013159237483","displayName":"portfoilo","name":"projects/portfoilo-94c3f","resources":{"hostingSite":"portfoilo-94c3f"},"state":"ACTIVE","etag":"1_c24419ba-be0f-4d40-9583-519976d30827"}
[info] 
   Thank you for trying our early preview of Next.js support on Firebase Hosting.
   During the preview, support is best-effort and breaking changes can be expected. Proceed with caution.
   The integration is known to work with Next.js version 12 - 14.0. You may encounter errors.

   Documentation: https://firebase.google.com/docs/hosting/frameworks/nextjs
   File a bug: https://github.com/firebase/firebase-tools/issues/new?template=bug_report.md
   Submit a feature request: https://github.com/firebase/firebase-tools/issues/new?template=feature_request.md

   We'd love to learn from you. Express your interest in helping us shape the future of Firebase Hosting: https://goo.gle/41enW5X

[debug] [2024-04-13T09:28:13.967Z] >>> [apiv2][query] GET https://firebasehosting.googleapis.com/v1beta1/projects/portfoilo-94c3f/sites/portfoilo-94c3f [none]
[debug] [2024-04-13T09:28:14.873Z] <<< [apiv2][status] GET https://firebasehosting.googleapis.com/v1beta1/projects/portfoilo-94c3f/sites/portfoilo-94c3f 200
[debug] [2024-04-13T09:28:14.873Z] <<< [apiv2][body] GET https://firebasehosting.googleapis.com/v1beta1/projects/portfoilo-94c3f/sites/portfoilo-94c3f {"name":"projects/portfoilo-94c3f/sites/portfoilo-94c3f","defaultUrl":"https://portfoilo-94c3f.web.app","type":"DEFAULT_SITE"}
[info]    ▲ Next.js 14.1.3

[info] 

[info]    Creating an optimized production build ...

[info]  ✓ Compiled successfully

[info]    Linting and checking validity of types ...

[info] Failed to compile.


[info] ./app/component/ProjectCard.tsx:6:24
Type error: Binding element 'imgUrl' implicitly has an 'any' type.

  4 | import { motion } from "framer-motion";
  5 |
> 6 | const ProjectCard = ({ imgUrl, title, description, gitUrl, previewUrl }) => {
    |                        ^
  7 |   return (
  8 |     <motion.div
  9 |       initial={{ scale: 0 }}

[debug] [2024-04-13T09:29:05.623Z] Error: ENOENT: no such file or directory, open 'C:\Users\ADMIN\Desktop\portfolio\.next\export-marker.json'
[error] 
[error] Error: An unexpected error has occurred.
